<?xml version="1.0" encoding="UTF-8"?>
<!-- Generated by org.testng.reporters.JUnitReportReporter -->
<testsuite hostname="DESKTOP-0KRSMVL" name="NewTest.Git3" tests="4" failures="0" timestamp="8 Sep 2019 09:00:00 GMT" time="0.017" errors="0">
  <testcase name="testA" time="0.002" classname="NewTest.Git3"/>
  <testcase name="login" time="0.014" classname="NewTest.Git3"/>
  <testcase name="logoff" time="0.000" classname="NewTest.Git3"/>
  <testcase name="testB" time="0.001" classname="NewTest.Git3"/>
</testsuite> <!-- NewTest.Git3 -->
